{"name": "test_post_create_user[https://reqres.in-/api/users-{\"name\": \"dows\",\"job\": \"fuuu\"}]", "status": "skipped", "statusDetails": {"message": "AssertionError: assert '109' == None\n +  where None = <built-in method get of dict object at 0x03AFCEA0>('id')\n +    where <built-in method get of dict object at 0x03AFCEA0> = {}.get", "trace": "self = <tests.test_smoke_suit.TestSmokeSuite object at 0x03AD9570>\nurl = 'https://reqres.in', path = '/api/users'\ntest_data = '{\"name\": \"dows\",\"job\": \"fuuu\"}'\n\n    @pytest.mark.parametrize('url, path, test_data', [(test_host, users_path, '{\"name\": \"dows\",\"job\": \"fuuu\"}')], scope=\"session\")\n    @allure.testcase('create user and find him')\n    @pytest.mark.xfail(reason='service is not creating users, so they cant be found')\n    def test_post_create_user(self, url, path, test_data):\n        with allure.step('create user'):\n            create_user_result_json, request = api_sender(url, 201, 'POST', path, test_data)\n            created_user_id = create_user_result_json.get('id')\n        with allure.step('find created user with id: ' + created_user_id):\n            find_created_user_json, request2 = api_sender(url, 404, 'GET', path + '/' + created_user_id)  # 404 - its ok\n>           assert created_user_id == find_created_user_json.get('id')\nE           AssertionError: assert '109' == None\nE            +  where None = <built-in method get of dict object at 0x03AFCEA0>('id')\nE            +    where <built-in method get of dict object at 0x03AFCEA0> = {}.get\n\ntest_smoke_suit.py:41: AssertionError"}, "steps": [{"name": "create user", "status": "passed", "start": 1570091199863, "stop": 1570091200208}, {"name": "find created user with id: 109", "status": "failed", "statusDetails": {"message": "AssertionError: assert '109' == None\n +  where None = <built-in method get of dict object at 0x03AFCEA0>('id')\n +    where <built-in method get of dict object at 0x03AFCEA0> = {}.get\n", "trace": "  File \"c:\\users\\t.khalilov\\pycharmprojects\\piano\\tests\\test_smoke_suit.py\", line 41, in test_post_create_user\n    assert created_user_id == find_created_user_json.get('id')\n"}, "start": 1570091200209, "stop": 1570091200560}], "parameters": [{"name": "url", "value": "'https://reqres.in'"}, {"name": "path", "value": "'/api/users'"}, {"name": "test_data", "value": "'{\"name\": \"dows\",\"job\": \"fuuu\"}'"}], "start": 1570091199863, "stop": 1570091200560, "uuid": "0313346f-7775-434e-8400-f34cfe75de95", "historyId": "1b5d5a0cbae184398f6cbed308f02024", "testCaseId": "5825b6b104591686b5daff93eb3d60ec", "fullName": "tests.test_smoke_suit.TestSmokeSuite#test_post_create_user", "labels": [{"name": "severity", "value": "critical"}, {"name": "parentSuite", "value": "tests"}, {"name": "suite", "value": "test_smoke_suit"}, {"name": "subSuite", "value": "TestSmokeSuite"}, {"name": "host", "value": "nb0579"}, {"name": "thread", "value": "22996-MainThread"}, {"name": "framework", "value": "pytest"}, {"name": "language", "value": "cpython3"}, {"name": "package", "value": "tests.test_smoke_suit"}], "links": [{"type": "test_case", "url": "create user and find him", "name": "create user and find him"}]}